proguard-project.txt
# To enable ProGuard in your project, edit project.properties
# to define the proguard.config property as described in that file.
#
# Add project specific ProGuard rules here.
# By default, the flags in this file are appended to flags specified
# in ${sdk.dir}/tools/proguard/proguard-android.txt
# You can edit the include path and order by changing the ProGuard
# include property in project.properties.
#
# For more details, see
#   http://developer.android.com/guide/developing/tools/proguard.html

# Add any project specific keep options here:

# If your project uses WebView with JS, uncomment the following
# and specify the fully qualified class name to the JavaScript interface
# class:
#-keepclassmembers class fqcn.of.javascript.interface.for.webview {
#   public *;
#}

# ************第三方类库
 -libraryjars libs/AMap_Services_V2.4.0.jar
 -libraryjars libs/httpcore-4.3.2.jar
 -libraryjars libs/fastjson-1.1.40.jar
 -libraryjars libs/httpmime-4.3.5.jar
 -libraryjars libs/jpush-sdk-release1.7.4.jar
 -libraryjars libs/MapApiLocation_1.3.3.jar
 -libraryjars libs/MobTools.jar
 -libraryjars libs/SMSSDK-1.2.2.jar
 -libraryjars libs/universal-image-loader-1.9.4-with-sources.jar
 -libraryjars libs/zxing.jar
 
 # *********项目里面包含的包也不能混淆
 
 -keep class com.alibaba.fastjson.** {*;}
 -dontwarn com.alibaba.fastjson.**
 
 -keep class com.amap.api.services.** {*;}
 -dontwarn com.amap.api.services.**
 
 -keep class cn.jpush.android.** {*;}
 -dontwarn cn.jpush.android.**
 
 -keep class org.apache.http.** {*;}
 -dontwarn org.apache.http.**
 
 -keep class amap.api.location.** {*;}
 -dontwarn amap.api.location.**
 
 -keep class com.aps.** {*;}
 -dontwarn com.aps.**
 
 -keep class a.a.a.** {*;}
 -dontwarn a.a.a.**
 
 -keep class cn.smssdk.** {*;}
 -dontwarn cn.smssdk.**
 
 -keep class com.google.zxing.** {*;}
 -dontwarn com.google.zxing.**
 
 -keep class com.mob.tools.** {*;}
 -dontwarn com.mob.tools.**
 
 -keep class com.nostra13.universalimageloader.** {*;}
 -dontwarn com.nostra13.universalimageloader.**
 
 -keep class com.yikang.app.yikangserver.bean.**{*;}
 