proguard/seeds.txt
com.yikang.app.yikangserver.R$anim: int abc_fade_in
com.yikang.app.yikangserver.R$anim: int abc_fade_out
com.yikang.app.yikangserver.R$anim: int abc_grow_fade_in_from_bottom
com.yikang.app.yikangserver.R$anim: int abc_popup_enter
com.yikang.app.yikangserver.R$anim: int abc_popup_exit
com.yikang.app.yikangserver.R$anim: int abc_shrink_fade_out_from_bottom
com.yikang.app.yikangserver.R$anim: int abc_slide_in_bottom
com.yikang.app.yikangserver.R$anim: int abc_slide_in_top
com.yikang.app.yikangserver.R$anim: int abc_slide_out_bottom
com.yikang.app.yikangserver.R$anim: int abc_slide_out_top
com.yikang.app.yikangserver.R$anim: int left_in
com.yikang.app.yikangserver.R$anim: int left_out
com.yikang.app.yikangserver.R$anim: int slow_down
com.yikang.app.yikangserver.R$anim: int slow_up
com.yikang.app.yikangserver.R$anim: int waiting_routate
com.yikang.app.yikangserver.R$attr: int actionBarDivider
com.yikang.app.yikangserver.R$attr: int actionBarItemBackground
com.yikang.app.yikangserver.R$attr: int actionBarPopupTheme
com.yikang.app.yikangserver.R$attr: int actionBarSize
com.yikang.app.yikangserver.R$attr: int actionBarSplitStyle
com.yikang.app.yikangserver.R$attr: int actionBarStyle
com.yikang.app.yikangserver.R$attr: int actionBarTabBarStyle
com.yikang.app.yikangserver.R$attr: int actionBarTabStyle
com.yikang.app.yikangserver.R$attr: int actionBarTabTextStyle
com.yikang.app.yikangserver.R$attr: int actionBarTheme
com.yikang.app.yikangserver.R$attr: int actionBarWidgetTheme
com.yikang.app.yikangserver.R$attr: int actionButtonStyle
com.yikang.app.yikangserver.R$attr: int actionDropDownStyle
com.yikang.app.yikangserver.R$attr: int actionLayout
com.yikang.app.yikangserver.R$attr: int actionMenuTextAppearance
com.yikang.app.yikangserver.R$attr: int actionMenuTextColor
com.yikang.app.yikangserver.R$attr: int actionModeBackground
com.yikang.app.yikangserver.R$attr: int actionModeCloseButtonStyle
com.yikang.app.yikangserver.R$attr: int actionModeCloseDrawable
com.yikang.app.yikangserver.R$attr: int actionModeCopyDrawable
com.yikang.app.yikangserver.R$attr: int actionModeCutDrawable
com.yikang.app.yikangserver.R$attr: int actionModeFindDrawable
com.yikang.app.yikangserver.R$attr: int actionModePasteDrawable
com.yikang.app.yikangserver.R$attr: int actionModePopupWindowStyle
com.yikang.app.yikangserver.R$bool: int abc_action_bar_embed_tabs
com.yikang.app.yikangserver.R$bool: int abc_action_bar_embed_tabs_pre_jb
com.yikang.app.yikangserver.R$bool: int abc_action_bar_expanded_action_views_exclusive
com.yikang.app.yikangserver.R$bool: int abc_config_actionMenuItemAllCaps
com.yikang.app.yikangserver.R$bool: int abc_config_allowActionMenuItemTextWithIcon
com.yikang.app.yikangserver.R$bool: int abc_config_closeDialogWhenTouchOutside
com.yikang.app.yikangserver.R$bool: int abc_config_showMenuShortcutsWhenKeyboardPresent
...
com.alibaba.fastjson.serializer.UUIDCodec
com.alibaba.fastjson.serializer.UUIDCodec: com.alibaba.fastjson.serializer.UUIDCodec instance
com.alibaba.fastjson.serializer.UUIDCodec: UUIDCodec()
com.alibaba.fastjson.serializer.UUIDCodec: void write(com.alibaba.fastjson.serializer.JSONSerializer,java.lang.Object,java.lang.Object,java.lang.reflect.Type)
com.alibaba.fastjson.serializer.UUIDCodec: java.lang.Object deserialze(com.alibaba.fastjson.parser.DefaultJSONParser,java.lang.reflect.Type,java.lang.Object)
com.alibaba.fastjson.serializer.UUIDCodec: int getFastMatchToken()
com.alibaba.fastjson.serializer.UUIDCodec: void <clinit>()
com.alibaba.fastjson.serializer.ValueFilter
com.alibaba.fastjson.serializer.ValueFilter: java.lang.Object process(java.lang.Object,java.lang.String,java.lang.Object)
com.alibaba.fastjson.support.spring.FastJsonHttpMessageConverter
com.alibaba.fastjson.support.spring.FastJsonHttpMessageConverter: java.nio.charset.Charset UTF8
com.alibaba.fastjson.support.spring.FastJsonHttpMessageConverter: java.nio.charset.Charset charset
com.alibaba.fastjson.support.spring.FastJsonHttpMessageConverter: com.alibaba.fastjson.serializer.SerializerFeature[] features
com.alibaba.fastjson.support.spring.FastJsonHttpMessageConverter: FastJsonHttpMessageConverter()
com.alibaba.fastjson.support.spring.FastJsonHttpMessageConverter: boolean supports(java.lang.Class)
com.alibaba.fastjson.support.spring.FastJsonHttpMessageConverter: java.nio.charset.Charset getCharset()
com.alibaba.fastjson.support.spring.FastJsonHttpMessageConverter: void setCharset(java.nio.charset.Charset)
com.alibaba.fastjson.support.spring.FastJsonHttpMessageConverter: com.alibaba.fastjson.serializer.SerializerFeature[] getFeatures()
com.alibaba.fastjson.support.spring.FastJsonHttpMessageConverter: void setFeatures(com.alibaba.fastjson.serializer.SerializerFeature[])
com.alibaba.fastjson.support.spring.FastJsonHttpMessageConverter: java.lang.Object readInternal(java.lang.Class,org.springframework.http.HttpInputMessage)
com.alibaba.fastjson.support.spring.FastJsonHttpMessageConverter: void writeInternal(java.lang.Object,org.springframework.http.HttpOutputMessage)
com.alibaba.fastjson.support.spring.FastJsonHttpMessageConverter: void <clinit>()
com.alibaba.fastjson.support.spring.FastJsonJsonView
com.alibaba.fastjson.support.spring.FastJsonJsonView: java.lang.String DEFAULT_CONTENT_TYPE
com.alibaba.fastjson.support.spring.FastJsonJsonView: java.nio.charset.Charset UTF8
com.alibaba.fastjson.support.spring.FastJsonJsonView: java.nio.charset.Charset charset
com.alibaba.fastjson.support.spring.FastJsonJsonView: com.alibaba.fastjson.serializer.SerializerFeature[] serializerFeatures
com.alibaba.fastjson.support.spring.FastJsonJsonView: java.util.Set renderedAttributes
com.alibaba.fastjson.support.spring.FastJsonJsonView: boolean disableCaching
com.alibaba.fastjson.support.spring.FastJsonJsonView: boolean updateContentLength
com.alibaba.fastjson.support.spring.FastJsonJsonView: FastJsonJsonView()
com.alibaba.fastjson.support.spring.FastJsonJsonView: void setRenderedAttributes(java.util.Set)
com.alibaba.fastjson.support.spring.FastJsonJsonView: void setSerializerFeature(com.alibaba.fastjson.serializer.SerializerFeature[])
com.alibaba.fastjson.support.spring.FastJsonJsonView: java.nio.charset.Charset getCharset()
com.alibaba.fastjson.support.spring.FastJsonJsonView: void setCharset(java.nio.charset.Charset)
com.alibaba.fastjson.support.spring.FastJsonJsonView: com.alibaba.fastjson.serializer.SerializerFeature[] getFeatures()
com.alibaba.fastjson.support.spring.FastJsonJsonView: void setFeatures(com.alibaba.fastjson.serializer.SerializerFeature[])