proguard/mapping.txt
com.yikang.app.yikangserver.R -> com.yikang.app.yikangserver.a:
com.yikang.app.yikangserver.R$styleable -> com.yikang.app.yikangserver.b:
    int[] ActionBar -> ActionBar
    int ActionBar_background -> ActionBar_background
    int ActionBar_backgroundSplit -> ActionBar_backgroundSplit
    int ActionBar_backgroundStacked -> ActionBar_backgroundStacked
    int ActionBar_contentInsetEnd -> ActionBar_contentInsetEnd
    int ActionBar_contentInsetLeft -> ActionBar_contentInsetLeft
    int ActionBar_contentInsetRight -> ActionBar_contentInsetRight
    int ActionBar_contentInsetStart -> ActionBar_contentInsetStart
    int ActionBar_customNavigationLayout -> ActionBar_customNavigationLayout
    int ActionBar_displayOptions -> ActionBar_displayOptions
    int ActionBar_divider -> ActionBar_divider
    int ActionBar_elevation -> ActionBar_elevation
    int ActionBar_height -> ActionBar_height
    int ActionBar_hideOnContentScroll -> ActionBar_hideOnContentScroll
    int ActionBar_homeAsUpIndicator -> ActionBar_homeAsUpIndicator
    int ActionBar_homeLayout -> ActionBar_homeLayout
    int ActionBar_icon -> ActionBar_icon
    int ActionBar_indeterminateProgressStyle -> ActionBar_indeterminateProgressStyle
    int ActionBar_itemPadding -> ActionBar_itemPadding
    int ActionBar_logo -> ActionBar_logo
    int ActionBar_navigationMode -> ActionBar_navigationMode
    int ActionBar_popupTheme -> ActionBar_popupTheme
    int ActionBar_progressBarPadding -> ActionBar_progressBarPadding
com.yikang.app.yikangserver.TestActivity -> com.yikang.app.yikangserver.TestActivity:
    void onCreate(android.os.Bundle) -> onCreate
com.yikang.app.yikangserver.adapter.ChangGuChuangAdapter -> com.yikang.app.yikangserver.a.a:
    java.util.Map answerMap -> f
    android.graphics.drawable.Drawable icArrowSelected -> g
    android.graphics.drawable.Drawable icArrowUnSelected -> h
    com.yikang.app.yikangserver.adapter.TotalPointChangedListener listener -> i
    float totalPoint -> j
    void convert(com.yikang.app.yikangserver.adapter.ViewHolder,com.yikang.app.yikangserver.bean.Question) -> a
    void fillContent(com.yikang.app.yikangserver.adapter.ViewHolder,com.yikang.app.yikangserver.bean.Question) -> b
    void clearCheck(com.yikang.app.yikangserver.adapter.ViewHolder) -> a
    void setTotalPointChangedListener(com.yikang.app.yikangserver.adapter.TotalPointChangedListener) -> a
    void onItemClickListern(com.yikang.app.yikangserver.view.TextSpinner,int) -> a
    void setEdpSelectedStyle(com.yikang.app.yikangserver.view.TextSpinner) -> a
    void setEdpUnselectedStyle(com.yikang.app.yikangserver.view.TextSpinner) -> b
    java.util.Map toAnwerMap() -> a
    android.view.ViewGroup getAnswersContainer(com.yikang.app.yikangserver.adapter.ViewHolder) -> b
    int getAnwerCount(int) -> a
    float getCheckAnserValue(int) -> b
    float getAnswerValue(int,int) -> a
    boolean isAnswerSelected(int) -> c
    void restoreAnswer(java.util.List) -> a
    void restoreTotalPosint() -> b
    void fillContent(com.yikang.app.yikangserver.adapter.ViewHolder,java.lang.Object) -> a
com.yikang.app.yikangserver.adapter.CommonAdapter -> com.yikang.app.yikangserver.a.b:
    android.view.LayoutInflater inflater -> a
    android.content.Context context -> b
    java.util.List datas -> c
    int itemLayoutId -> d
    int getCount() -> getCount
    java.lang.Object getItem(int) -> getItem
    long getItemId(int) -> getItemId
    android.view.View getView(int,android.view.View,android.view.ViewGroup) -> getView
    void initCreatedHolder(com.yikang.app.yikangserver.adapter.ViewHolder) -> c
    void convert(com.yikang.app.yikangserver.adapter.ViewHolder,java.lang.Object) -> b
    com.yikang.app.yikangserver.adapter.ViewHolder getViewHolder(int,android.view.View,android.view.ViewGroup) -> a
...
com.nostra13.universalimageloader.cache.disc.naming.HashCodeFileNameGenerator -> com.nostra13.universalimageloader.cache.disc.naming.HashCodeFileNameGenerator:
    java.lang.String generate(java.lang.String) -> generate
com.nostra13.universalimageloader.cache.disc.naming.Md5FileNameGenerator -> com.nostra13.universalimageloader.cache.disc.naming.Md5FileNameGenerator:
    java.lang.String HASH_ALGORITHM -> HASH_ALGORITHM
    int RADIX -> RADIX
    java.lang.String generate(java.lang.String) -> generate
    byte[] getMD5(byte[]) -> getMD5
com.nostra13.universalimageloader.cache.memory.BaseMemoryCache -> com.nostra13.universalimageloader.cache.memory.BaseMemoryCache:
    java.util.Map softMap -> softMap
    android.graphics.Bitmap get(java.lang.String) -> get
    boolean put(java.lang.String,android.graphics.Bitmap) -> put
    android.graphics.Bitmap remove(java.lang.String) -> remove
    java.util.Collection keys() -> keys
    void clear() -> clear
    java.lang.ref.Reference createReference(android.graphics.Bitmap) -> createReference
com.nostra13.universalimageloader.cache.memory.LimitedMemoryCache -> com.nostra13.universalimageloader.cache.memory.LimitedMemoryCache:
    int MAX_NORMAL_CACHE_SIZE_IN_MB -> MAX_NORMAL_CACHE_SIZE_IN_MB
    int MAX_NORMAL_CACHE_SIZE -> MAX_NORMAL_CACHE_SIZE
    int sizeLimit -> sizeLimit
    java.util.concurrent.atomic.AtomicInteger cacheSize -> cacheSize
    java.util.List hardCache -> hardCache
    boolean put(java.lang.String,android.graphics.Bitmap) -> put
    android.graphics.Bitmap remove(java.lang.String) -> remove
    void clear() -> clear
    int getSizeLimit() -> getSizeLimit
    int getSize(android.graphics.Bitmap) -> getSize
    android.graphics.Bitmap removeNext() -> removeNext
com.nostra13.universalimageloader.cache.memory.MemoryCache -> com.nostra13.universalimageloader.cache.memory.MemoryCache:
    boolean put(java.lang.String,android.graphics.Bitmap) -> put
    android.graphics.Bitmap get(java.lang.String) -> get
    android.graphics.Bitmap remove(java.lang.String) -> remove
    java.util.Collection keys() -> keys
    void clear() -> clear
com.nostra13.universalimageloader.cache.memory.impl.FIFOLimitedMemoryCache -> com.nostra13.universalimageloader.cache.memory.impl.FIFOLimitedMemoryCache:
    java.util.List queue -> queue
    boolean put(java.lang.String,android.graphics.Bitmap) -> put
    android.graphics.Bitmap remove(java.lang.String) -> remove
    void clear() -> clear
    int getSize(android.graphics.Bitmap) -> getSize
    android.graphics.Bitmap removeNext() -> removeNext
    java.lang.ref.Reference createReference(android.graphics.Bitmap) -> createReference
com.nostra13.universalimageloader.cache.memory.impl.FuzzyKeyMemoryCache -> com.nostra13.universalimageloader.cache.memory.impl.FuzzyKeyMemoryCache:
    com.nostra13.universalimageloader.cache.memory.MemoryCache cache -> cache
    java.util.Comparator keyComparator -> keyComparator
    boolean put(java.lang.String,android.graphics.Bitmap) -> put
    android.graphics.Bitmap get(java.lang.String) -> get
    android.graphics.Bitmap remove(java.lang.String) -> remove
    void clear() -> clear
    java.util.Collection keys() -> keys
com.nostra13.universalimageloader.cache.memory.impl.LRULimitedMemoryCache -> com.nostra13.universalimageloader.cache.memory.impl.LRULimitedMemoryCache:
    int INITIAL_CAPACITY -> INITIAL_CAPACITY
    float LOAD_FACTOR -> LOAD_FACTOR
    java.util.Map lruCache -> lruCache
    boolean put(java.lang.String,android.graphics.Bitmap) -> put
    android.graphics.Bitmap get(java.lang.String) -> get
    android.graphics.Bitmap remove(java.lang.String) -> remove
    void clear() -> clear
    int getSize(android.graphics.Bitmap) -> getSize
    android.graphics.Bitmap removeNext() -> removeNext
    java.lang.ref.Reference createReference(android.graphics.Bitmap) -> createReference