proguard/usage.txt
com.yikang.app.yikangserver.BuildConfig
com.yikang.app.yikangserver.Manifest
com.yikang.app.yikangserver.Manifest$permission
com.yikang.app.yikangserver.R:
    10:10:public R()
com.yikang.app.yikangserver.R$anim
com.yikang.app.yikangserver.R$attr
com.yikang.app.yikangserver.R$bool
com.yikang.app.yikangserver.R$color
com.yikang.app.yikangserver.R$dimen
com.yikang.app.yikangserver.R$drawable
com.yikang.app.yikangserver.R$id
com.yikang.app.yikangserver.R$integer
com.yikang.app.yikangserver.R$layout
com.yikang.app.yikangserver.R$string
com.yikang.app.yikangserver.R$style
com.yikang.app.yikangserver.R$styleable:
    3298:3298:public R$styleable()
com.yikang.app.yikangserver.adapter.ChangGuChuangAdapter:
    private static final java.lang.String TAG
com.yikang.app.yikangserver.adapter.CommonChoiseAdapter:
    private static final java.lang.String TAG
    private static final int MAX_BURFFED_COUNT
com.yikang.app.yikangserver.adapter.CrossWirsesItemAdapter:
    53:54:public void addSubmitPosition(int)
com.yikang.app.yikangserver.adapter.FallRiskAdapter:
    private static final java.lang.String TAG
com.yikang.app.yikangserver.adapter.MuiltyChoiseAdapter:
    private static final java.lang.String TAG
com.yikang.app.yikangserver.adapter.SeniorCommonQuestionAdapter:
    private static final java.lang.String TAG
com.yikang.app.yikangserver.adapter.SingleABCDAdapter:
    private static final java.lang.String TAG
com.yikang.app.yikangserver.adapter.SingleChoiseAdapter:
    private static final java.lang.String TAG
com.yikang.app.yikangserver.adapter.SingleDepressionAdapter:
    private static final java.lang.String TAG
com.yikang.app.yikangserver.adapter.SinglePointChoiseAdapter:
    private static final java.lang.String TAG
com.yikang.app.yikangserver.adapter.ViewHolder:
    77:79:public com.yikang.app.yikangserver.adapter.ViewHolder setText(int,java.lang.String)
    90:93:public com.yikang.app.yikangserver.adapter.ViewHolder setImageResource(int,int)
    104:106:public com.yikang.app.yikangserver.adapter.ViewHolder setImageBitmap(int,android.graphics.Bitmap)
com.yikang.app.yikangserver.application.AppConfig:
    public static final java.lang.String KEY_DOUBLE_CLICK_EXIT
    public static final java.lang.String CONF_DEVICE_ID
    public static final java.lang.String CONF_DEVICE_ID_TYPE
    public static final java.lang.String CONF_IS_DEVICE_REGISTED
    static final java.lang.String CONF_APPID
    static final java.lang.String CONF_APP_USER_ID
    static final java.lang.String CON_APP_ACCESS_TICKET
    public static final java.lang.String APP_CONFIG
    private static final java.lang.String TAG
com.yikang.app.yikangserver.application.AppContext:
    private static final java.lang.String TAG
    private static final java.lang.String PREF_NAME
    public static final boolean DEBUG
    263:267:public boolean isDeviceRegisted()
    299:299:public static boolean hasSDCard()
    324:324:public static int get(java.lang.String,int)
    328:328:public static java.lang.String get(java.lang.String,java.lang.String)
    338:340:public static void set(java.lang.String,boolean)
    343:345:public static void set(java.lang.String,java.lang.String)
    360:361:public static void showToast(android.content.Context,int)
    372:372:public static android.graphics.drawable.Drawable getDrawRes(int)
com.yikang.app.yikangserver.dailog.ProgressDialogFactory:
    public static final int TYPE_LOADING_DATA
    public static final int TYPE_SUBMIT_DATA
    8:8:public ProgressDialogFactory()
com.yikang.app.yikangserver.data.BusinessState:
    8:8:public BusinessState()
com.yikang.app.yikangserver.data.BusinessState$SenoirState:
    public static boolean hasNewRecord
    13:13:public BusinessState$SenoirState()
com.yikang.app.yikangserver.data.BusinessState$SenoirState$EvalutionState:
    26:26:public BusinessState$SenoirState$EvalutionState()
...
android.support.v4.speech.tts.TextToSpeechICSMR1$2
android.support.v4.speech.tts.TextToSpeechICSMR1$UtteranceProgressListenerICSMR1
android.support.v4.text.BidiFormatter
android.support.v4.text.BidiFormatter$1
android.support.v4.text.BidiFormatter$Builder
android.support.v4.text.BidiFormatter$DirectionalityEstimator
android.support.v4.text.ICUCompat:
    21:40:public ICUCompat()
android.support.v4.text.ICUCompatIcs:
    private static final java.lang.String TAG
    24:24:ICUCompatIcs()
android.support.v4.text.TextDirectionHeuristicCompat
android.support.v4.text.TextDirectionHeuristicsCompat
android.support.v4.text.TextDirectionHeuristicsCompat$1
android.support.v4.text.TextDirectionHeuristicsCompat$AnyStrong
android.support.v4.text.TextDirectionHeuristicsCompat$FirstStrong
android.support.v4.text.TextDirectionHeuristicsCompat$TextDirectionAlgorithm
android.support.v4.text.TextDirectionHeuristicsCompat$TextDirectionHeuristicImpl
android.support.v4.text.TextDirectionHeuristicsCompat$TextDirectionHeuristicInternal
android.support.v4.text.TextDirectionHeuristicsCompat$TextDirectionHeuristicLocale
android.support.v4.text.TextUtilsCompat:
    25:25:public TextUtilsCompat()
    34:62:public static java.lang.String htmlEncode(java.lang.String)
android.support.v4.util.ArrayMap:
    61:62:public ArrayMap(int)
    68:69:public ArrayMap(android.support.v4.util.SimpleArrayMap)
    130:130:public boolean containsAll(java.util.Collection)
    151:151:public boolean removeAll(java.util.Collection)
android.support.v4.util.AtomicFile
android.support.v4.util.CircularArray
android.support.v4.util.CircularIntArray
android.support.v4.util.ContainerHelpers:
    19:19:ContainerHelpers()
    29:29:public static int idealLongArraySize(int)
    65:80:static int binarySearch(long[],int,long)
android.support.v4.util.DebugUtils:
    25:25:public DebugUtils()
android.support.v4.util.LongSparseArray
android.support.v4.util.LruCache:
    61:69:public void resize(int)
    193:209:public final java.lang.Object remove(java.lang.Object)
    271:272:public final void evictAll()
    280:280:public final synchronized int size()
    289:289:public final synchronized int maxSize()
    297:297:public final synchronized int hitCount()
    305:305:public final synchronized int missCount()
    312:312:public final synchronized int createCount()
    319:319:public final synchronized int putCount()
    326:326:public final synchronized int evictionCount()
    334:334:public final synchronized java.util.Map snapshot()
android.support.v4.util.Pair
android.support.v4.util.Pools:
    69:71:private Pools()
android.support.v4.util.Pools$SimplePool
android.support.v4.util.Pools$SynchronizedPool
android.support.v4.util.SimpleArrayMap:
    private static final boolean DEBUG
    private static final java.lang.String TAG
    private static final int BASE_SIZE
    private static final int CACHE_SIZE
    217:225:public SimpleArrayMap(int)
    231:235:public SimpleArrayMap(android.support.v4.util.SimpleArrayMap)
    429:442:public void putAll(android.support.v4.util.SimpleArrayMap)
android.support.v4.util.SparseArrayCompat:
    76:76:public java.lang.Object get(int)
    85:90:public java.lang.Object get(int,java.lang.Object)
    98:106:public void delete(int)
    112:113:public void remove(int)
    119:123:public void removeAt(int)
    132:136:public void removeAtRange(int,int)
    172:216:public void put(int,java.lang.Object)
    263:268:public void setValueAt(int,java.lang.Object)
    276:280:public int indexOfKey(int)
    294:302:public int indexOfValue(java.lang.Object)
    325:352:public void append(int,java.lang.Object)
android.support.v4.util.TimeUtils
android.support.v4.view.AccessibilityDelegateCompatIcs:
    28:30:AccessibilityDelegateCompatIcs()
android.support.v4.view.AccessibilityDelegateCompatJellyBean:
    30:32:AccessibilityDelegateCompatJellyBean()